[root@5f50b1338f6b example]# filebench -f test.f 
Filebench Version 1.5-alpha3
0.000: Allocated 173MB of shared memory
0.001: Fileset has no directory width around line 2
0.001: Populating and pre-allocating filesets
0.010: testF populated: 10000 files, avg. dir. width = 0, avg. dir. depth = -0.0, 0 leafdirs, 156.250MB total size
0.010: Removing testF tree (if exists)
0.402: Pre-allocating directories in testF tree
0.557: Pre-allocating files in testF tree
0.727: Waiting for pre-allocation to finish (in case of a parallel pre-allocation)
0.727: Population and pre-allocation of filesets completed
0.727: Starting 2 readerP instances
9.729: Waiting for pid 5350 thread readerT-1
10.729: Waiting for pid 5350 thread readerT-1
19.730: Waiting for pid 5350 thread readerT-3
20.730: Waiting for pid 5350 thread readerT-3
29.731: Waiting for pid 5350 thread readerT-2
30.731: Waiting for pid 5350 thread readerT-2
39.732: Waiting for pid 5349 thread readerT-1
40.732: Waiting for pid 5349 thread readerT-1
49.733: Waiting for pid 5349 thread readerT-3
50.733: Waiting for pid 5349 thread readerT-3
59.733: Waiting for pid 5349 thread readerT-2
60.734: Waiting for pid 5349 thread readerT-2
61.734: Running...
61.734: Unexpected Process termination Code 3, Errno 0 around line 9
62.734: Run took 1 seconds...
62.734: NO VALID RESULTS! Filebench run terminated prematurely around line 9
62.734: Shutting down processes
